Started GET "/" for ::1 at 2019-04-16 16:06:10 -0300
Processing by Rails::WelcomeController#index as HTML
  Rendering C:/Ruby24-x64/lib/ruby/gems/2.4.0/gems/railties-5.2.3/lib/rails/templates/rails/welcome/index.html.erb
  Rendered C:/Ruby24-x64/lib/ruby/gems/2.4.0/gems/railties-5.2.3/lib/rails/templates/rails/welcome/index.html.erb (27.5ms)
Completed 200 OK in 583ms (Views: 333.3ms | ActiveRecord: 0.0ms)


Started GET "/" for ::1 at 2019-04-19 21:49:35 -0300
Processing by Rails::WelcomeController#index as HTML
  Rendering C:/Ruby24-x64/lib/ruby/gems/2.4.0/gems/railties-5.2.3/lib/rails/templates/rails/welcome/index.html.erb
  Rendered C:/Ruby24-x64/lib/ruby/gems/2.4.0/gems/railties-5.2.3/lib/rails/templates/rails/welcome/index.html.erb (27.1ms)
Completed 200 OK in 521ms (Views: 242.4ms | ActiveRecord: 0.0ms)


Started GET "/welcome" for ::1 at 2019-04-19 21:55:42 -0300
  
ActionController::RoutingError (No route matches [GET] "/welcome"):
  
actionpack (5.2.3) lib/action_dispatch/middleware/debug_exceptions.rb:65:in `call'
web-console (3.7.0) lib/web_console/middleware.rb:135:in `call_app'
web-console (3.7.0) lib/web_console/middleware.rb:30:in `block in call'
web-console (3.7.0) lib/web_console/middleware.rb:20:in `catch'
web-console (3.7.0) lib/web_console/middleware.rb:20:in `call'
actionpack (5.2.3) lib/action_dispatch/middleware/show_exceptions.rb:33:in `call'
railties (5.2.3) lib/rails/rack/logger.rb:38:in `call_app'
railties (5.2.3) lib/rails/rack/logger.rb:26:in `block in call'
activesupport (5.2.3) lib/active_support/tagged_logging.rb:71:in `block in tagged'
activesupport (5.2.3) lib/active_support/tagged_logging.rb:28:in `tagged'
activesupport (5.2.3) lib/active_support/tagged_logging.rb:71:in `tagged'
railties (5.2.3) lib/rails/rack/logger.rb:26:in `call'
sprockets-rails (3.2.1) lib/sprockets/rails/quiet_assets.rb:13:in `call'
actionpack (5.2.3) lib/action_dispatch/middleware/remote_ip.rb:81:in `call'
actionpack (5.2.3) lib/action_dispatch/middleware/request_id.rb:27:in `call'
rack (2.0.7) lib/rack/method_override.rb:22:in `call'
rack (2.0.7) lib/rack/runtime.rb:22:in `call'
activesupport (5.2.3) lib/active_support/cache/strategy/local_cache_middleware.rb:29:in `call'
actionpack (5.2.3) lib/action_dispatch/middleware/executor.rb:14:in `call'
actionpack (5.2.3) lib/action_dispatch/middleware/static.rb:127:in `call'
rack (2.0.7) lib/rack/sendfile.rb:111:in `call'
railties (5.2.3) lib/rails/engine.rb:524:in `call'
puma (3.12.1) lib/puma/configuration.rb:227:in `call'
puma (3.12.1) lib/puma/server.rb:660:in `handle_request'
puma (3.12.1) lib/puma/server.rb:474:in `process_client'
puma (3.12.1) lib/puma/server.rb:334:in `block in run'
puma (3.12.1) lib/puma/thread_pool.rb:135:in `block in spawn_thread'
Started GET "/welcomeindex" for ::1 at 2019-04-19 21:55:55 -0300
  
ActionController::RoutingError (No route matches [GET] "/welcomeindex"):
  
actionpack (5.2.3) lib/action_dispatch/middleware/debug_exceptions.rb:65:in `call'
web-console (3.7.0) lib/web_console/middleware.rb:135:in `call_app'
web-console (3.7.0) lib/web_console/middleware.rb:30:in `block in call'
web-console (3.7.0) lib/web_console/middleware.rb:20:in `catch'
web-console (3.7.0) lib/web_console/middleware.rb:20:in `call'
actionpack (5.2.3) lib/action_dispatch/middleware/show_exceptions.rb:33:in `call'
railties (5.2.3) lib/rails/rack/logger.rb:38:in `call_app'
railties (5.2.3) lib/rails/rack/logger.rb:26:in `block in call'
activesupport (5.2.3) lib/active_support/tagged_logging.rb:71:in `block in tagged'
activesupport (5.2.3) lib/active_support/tagged_logging.rb:28:in `tagged'
activesupport (5.2.3) lib/active_support/tagged_logging.rb:71:in `tagged'
railties (5.2.3) lib/rails/rack/logger.rb:26:in `call'
sprockets-rails (3.2.1) lib/sprockets/rails/quiet_assets.rb:13:in `call'
actionpack (5.2.3) lib/action_dispatch/middleware/remote_ip.rb:81:in `call'
actionpack (5.2.3) lib/action_dispatch/middleware/request_id.rb:27:in `call'
rack (2.0.7) lib/rack/method_override.rb:22:in `call'
rack (2.0.7) lib/rack/runtime.rb:22:in `call'
activesupport (5.2.3) lib/active_support/cache/strategy/local_cache_middleware.rb:29:in `call'
actionpack (5.2.3) lib/action_dispatch/middleware/executor.rb:14:in `call'
actionpack (5.2.3) lib/action_dispatch/middleware/static.rb:127:in `call'
rack (2.0.7) lib/rack/sendfile.rb:111:in `call'
railties (5.2.3) lib/rails/engine.rb:524:in `call'
puma (3.12.1) lib/puma/configuration.rb:227:in `call'
puma (3.12.1) lib/puma/server.rb:660:in `handle_request'
puma (3.12.1) lib/puma/server.rb:474:in `process_client'
puma (3.12.1) lib/puma/server.rb:334:in `block in run'
puma (3.12.1) lib/puma/thread_pool.rb:135:in `block in spawn_thread'
Started GET "/welcome/index" for ::1 at 2019-04-19 21:56:21 -0300
Processing by WelcomeController#index as HTML
  Rendering welcome/index.html.erb within layouts/application
  Rendered welcome/index.html.erb within layouts/application (1.3ms)
Completed 200 OK in 4956ms (Views: 4917.8ms | ActiveRecord: 0.0ms)


Started GET "/welcome/index" for ::1 at 2019-04-19 21:59:23 -0300
Processing by WelcomeController#index as HTML
  Rendering welcome/index.html.erb within layouts/application
  Rendered welcome/index.html.erb within layouts/application (1.0ms)
Completed 200 OK in 360ms (Views: 275.4ms | ActiveRecord: 0.0ms)


Started GET "/" for ::1 at 2019-04-19 22:03:08 -0300
Processing by WelcomeController#index as HTML
  Rendering welcome/index.html.erb within layouts/application
  Rendered welcome/index.html.erb within layouts/application (1.3ms)
Completed 200 OK in 326ms (Views: 283.1ms | ActiveRecord: 0.0ms)


Started GET "/" for ::1 at 2019-04-19 22:03:56 -0300
Processing by WelcomeController#index as HTML
  Rendering welcome/index.html.erb within layouts/application
  Rendered welcome/index.html.erb within layouts/application (1.1ms)
Completed 200 OK in 308ms (Views: 259.4ms | ActiveRecord: 0.0ms)


Started GET "/" for ::1 at 2019-04-19 22:53:23 -0300
Processing by WelcomeController#index as HTML
  Rendering welcome/index.html.erb within layouts/application
  Rendered welcome/index.html.erb within layouts/application (66.5ms)
Completed 200 OK in 1425ms (Views: 1333.8ms | ActiveRecord: 0.0ms)


Started GET "/" for ::1 at 2019-04-19 22:54:39 -0300
Processing by WelcomeController#index as HTML
  Rendering welcome/index.html.erb within layouts/application
  Rendered welcome/index.html.erb within layouts/application (9.2ms)
Completed 200 OK in 496ms (Views: 414.6ms | ActiveRecord: 0.0ms)


Started GET "/" for ::1 at 2019-04-19 22:55:27 -0300
Processing by WelcomeController#index as HTML
  Rendering welcome/index.html.erb within layouts/application
  Rendered welcome/index.html.erb within layouts/application (39.3ms)
Completed 200 OK in 408ms (Views: 354.8ms | ActiveRecord: 0.0ms)


Started GET "/" for ::1 at 2019-04-19 23:05:47 -0300
Processing by WelcomeController#index as HTML
  Rendering welcome/index.html.erb within layouts/application
  Rendered welcome/index.html.erb within layouts/application (37.4ms)
Completed 200 OK in 3605ms (Views: 3533.2ms | ActiveRecord: 0.0ms)


  [1m[35m (14.9ms)[0m  [1m[34mSELECT sqlite_version(*)[0m
  ↳ C:/Ruby24-x64/bin/rake:23
  [1m[35m (134.7ms)[0m  [1m[35mCREATE TABLE "schema_migrations" ("version" varchar NOT NULL PRIMARY KEY)[0m
  ↳ C:/Ruby24-x64/bin/rake:23
  [1m[35m (147.4ms)[0m  [1m[35mCREATE TABLE "ar_internal_metadata" ("key" varchar NOT NULL PRIMARY KEY, "value" varchar, "created_at" datetime NOT NULL, "updated_at" datetime NOT NULL)[0m
  ↳ C:/Ruby24-x64/bin/rake:23
  [1m[35m (0.8ms)[0m  [1m[34mSELECT "schema_migrations"."version" FROM "schema_migrations" ORDER BY "schema_migrations"."version" ASC[0m
  ↳ C:/Ruby24-x64/bin/rake:23
Migrating to CreateArticles (20190420022043)
  [1m[35m (0.2ms)[0m  [1m[36mbegin transaction[0m
  ↳ C:/Ruby24-x64/bin/rake:23
  [1m[35m (5.1ms)[0m  [1m[35mCREATE TABLE "articles" ("id" integer PRIMARY KEY AUTOINCREMENT NOT NULL, "title" varchar, "body" text, "visits_count" integer, "created_at" datetime NOT NULL, "updated_at" datetime NOT NULL)[0m
  ↳ db/migrate/20190420022043_create_articles.rb:3
  [1m[36mActiveRecord::SchemaMigration Create (0.8ms)[0m  [1m[32mINSERT INTO "schema_migrations" ("version") VALUES (?)[0m  [["version", "20190420022043"]]
  ↳ C:/Ruby24-x64/bin/rake:23
  [1m[35m (192.2ms)[0m  [1m[36mcommit transaction[0m
  ↳ C:/Ruby24-x64/bin/rake:23
  [1m[36mActiveRecord::InternalMetadata Load (2.2ms)[0m  [1m[34mSELECT  "ar_internal_metadata".* FROM "ar_internal_metadata" WHERE "ar_internal_metadata"."key" = ? LIMIT ?[0m  [["key", "environment"], ["LIMIT", 1]]
  ↳ C:/Ruby24-x64/bin/rake:23
  [1m[35m (0.2ms)[0m  [1m[36mbegin transaction[0m
  ↳ C:/Ruby24-x64/bin/rake:23
  [1m[36mActiveRecord::InternalMetadata Create (44.9ms)[0m  [1m[32mINSERT INTO "ar_internal_metadata" ("key", "value", "created_at", "updated_at") VALUES (?, ?, ?, ?)[0m  [["key", "environment"], ["value", "development"], ["created_at", "2019-04-20 02:58:19.558786"], ["updated_at", "2019-04-20 02:58:19.558786"]]
  ↳ C:/Ruby24-x64/bin/rake:23
  [1m[35m (200.9ms)[0m  [1m[36mcommit transaction[0m
  ↳ C:/Ruby24-x64/bin/rake:23
  [1m[35m (1.0ms)[0m  [1m[34mSELECT "schema_migrations"."version" FROM "schema_migrations" ORDER BY "schema_migrations"."version" ASC[0m
  ↳ C:/Ruby24-x64/bin/rake:23
Started GET "/" for ::1 at 2019-04-20 00:03:27 -0300
  [1m[35m (2.1ms)[0m  [1m[34mSELECT "schema_migrations"."version" FROM "schema_migrations" ORDER BY "schema_migrations"."version" ASC[0m
  ↳ C:/Ruby24-x64/lib/ruby/gems/2.4.0/gems/activerecord-5.2.3/lib/active_record/log_subscriber.rb:98
Processing by WelcomeController#index as HTML
  Rendering welcome/index.html.erb within layouts/application
  Rendered welcome/index.html.erb within layouts/application (47.2ms)
Completed 200 OK in 3991ms (Views: 3849.7ms | ActiveRecord: 0.0ms)


  [1m[36mArticle Load (15.0ms)[0m  [1m[34mSELECT  "articles".* FROM "articles" LIMIT ?[0m  [["LIMIT", 11]]
  [1m[36mArticle Load (1.1ms)[0m  [1m[34mSELECT  "articles".* FROM "articles" WHERE "articles"."id" = ? LIMIT ?[0m  [["id", 1], ["LIMIT", 1]]
Started GET "/" for ::1 at 2019-04-21 20:37:26 -0300
  [1m[35m (0.9ms)[0m  [1m[34mSELECT "schema_migrations"."version" FROM "schema_migrations" ORDER BY "schema_migrations"."version" ASC[0m
  ↳ C:/Ruby24-x64/lib/ruby/gems/2.4.0/gems/activerecord-5.2.3/lib/active_record/log_subscriber.rb:98
Processing by WelcomeController#index as HTML
  Rendering welcome/index.html.erb within layouts/application
  Rendered welcome/index.html.erb within layouts/application (38.0ms)
Completed 200 OK in 3622ms (Views: 3539.5ms | ActiveRecord: 0.0ms)


Started GET "/" for ::1 at 2019-04-21 20:50:15 -0300
Processing by WelcomeController#index as HTML
  Rendering welcome/index.html.erb within layouts/application
  Rendered welcome/index.html.erb within layouts/application (1.0ms)
Completed 200 OK in 448ms (Views: 409.7ms | ActiveRecord: 0.0ms)


Started GET "/" for ::1 at 2019-04-21 20:53:38 -0300
Processing by WelcomeController#index as HTML
  Rendering welcome/index.html.erb within layouts/application
  Rendered welcome/index.html.erb within layouts/application (0.9ms)
Completed 200 OK in 399ms (Views: 359.9ms | ActiveRecord: 0.0ms)


Started GET "/" for ::1 at 2019-04-21 20:55:16 -0300
Processing by WelcomeController#index as HTML
  Rendering welcome/index.html.erb within layouts/application
  Rendered welcome/index.html.erb within layouts/application (1.4ms)
Completed 200 OK in 384ms (Views: 345.2ms | ActiveRecord: 0.0ms)


Started GET "/" for ::1 at 2019-04-21 20:57:46 -0300
Processing by WelcomeController#index as HTML
  Rendering welcome/index.html.erb within layouts/application
  Rendered welcome/index.html.erb within layouts/application (1.6ms)
Completed 200 OK in 423ms (Views: 381.4ms | ActiveRecord: 0.0ms)


Started GET "/" for ::1 at 2019-04-21 20:57:51 -0300
Processing by WelcomeController#index as HTML
  Rendering welcome/index.html.erb within layouts/application
  Rendered welcome/index.html.erb within layouts/application (1.8ms)
Completed 200 OK in 385ms (Views: 347.8ms | ActiveRecord: 0.0ms)


Started GET "/" for ::1 at 2019-04-21 21:00:17 -0300
Processing by WelcomeController#index as HTML
  Rendering welcome/index.html.erb within layouts/application
  Rendered welcome/index.html.erb within layouts/application (1.2ms)
Completed 200 OK in 378ms (Views: 339.2ms | ActiveRecord: 0.0ms)


Started GET "/" for ::1 at 2019-04-21 21:00:21 -0300
Processing by WelcomeController#index as HTML
  Rendering welcome/index.html.erb within layouts/application
  Rendered welcome/index.html.erb within layouts/application (2.5ms)
Completed 200 OK in 309ms (Views: 273.5ms | ActiveRecord: 0.0ms)


Started GET "/" for ::1 at 2019-04-21 21:03:55 -0300
Processing by WelcomeController#index as HTML
  Rendering welcome/index.html.erb within layouts/application
  Rendered welcome/index.html.erb within layouts/application (1.2ms)
Completed 200 OK in 1954ms (Views: 1916.4ms | ActiveRecord: 0.0ms)


Started GET "/" for ::1 at 2019-04-21 21:05:10 -0300
Processing by WelcomeController#index as HTML
  Rendering welcome/index.html.erb within layouts/application
  Rendered welcome/index.html.erb within layouts/application (1.5ms)
Completed 200 OK in 893ms (Views: 854.0ms | ActiveRecord: 0.0ms)


Started GET "/" for ::1 at 2019-04-21 21:05:46 -0300
Processing by WelcomeController#index as HTML
  Rendering welcome/index.html.erb within layouts/application
  Rendered welcome/index.html.erb within layouts/application (2.1ms)
Completed 200 OK in 753ms (Views: 715.2ms | ActiveRecord: 0.0ms)


Started GET "/" for ::1 at 2019-04-21 21:12:46 -0300
Processing by WelcomeController#index as HTML
  Rendering welcome/index.html.erb within layouts/application
  Rendered welcome/index.html.erb within layouts/application (1.2ms)
Completed 200 OK in 770ms (Views: 731.0ms | ActiveRecord: 0.0ms)


Started GET "/" for ::1 at 2019-04-21 21:12:50 -0300
Processing by WelcomeController#index as HTML
  Rendering welcome/index.html.erb within layouts/application
  Rendered welcome/index.html.erb within layouts/application (1.0ms)
Completed 200 OK in 445ms (Views: 407.6ms | ActiveRecord: 0.0ms)


Started GET "/" for ::1 at 2019-04-21 21:14:09 -0300
Processing by WelcomeController#index as HTML
  Rendering welcome/index.html.erb within layouts/application
  Rendered welcome/index.html.erb within layouts/application (1.0ms)
Completed 200 OK in 753ms (Views: 714.1ms | ActiveRecord: 0.0ms)


Started GET "/" for ::1 at 2019-04-21 21:16:30 -0300
Processing by WelcomeController#index as HTML
  Rendering welcome/index.html.erb within layouts/application
  Rendered welcome/index.html.erb within layouts/application (3.1ms)
Completed 200 OK in 785ms (Views: 748.5ms | ActiveRecord: 0.0ms)


Started GET "/" for ::1 at 2019-04-21 21:16:33 -0300
Processing by WelcomeController#index as HTML
  Rendering welcome/index.html.erb within layouts/application
  Rendered welcome/index.html.erb within layouts/application (0.9ms)
Completed 200 OK in 316ms (Views: 282.2ms | ActiveRecord: 0.0ms)


Started GET "/" for ::1 at 2019-04-21 21:16:35 -0300
Processing by WelcomeController#index as HTML
  Rendering welcome/index.html.erb within layouts/application
  Rendered welcome/index.html.erb within layouts/application (1.8ms)
Completed 200 OK in 297ms (Views: 263.4ms | ActiveRecord: 0.0ms)


Started GET "/" for ::1 at 2019-04-21 21:16:39 -0300
Processing by WelcomeController#index as HTML
  Rendering welcome/index.html.erb within layouts/application
  Rendered welcome/index.html.erb within layouts/application (0.8ms)
Completed 200 OK in 298ms (Views: 262.7ms | ActiveRecord: 0.0ms)


Started GET "/" for ::1 at 2019-04-21 21:19:28 -0300
Processing by WelcomeController#index as HTML
  Rendering welcome/index.html.erb within layouts/application
  Rendered welcome/index.html.erb within layouts/application (1.5ms)
Completed 200 OK in 451ms (Views: 412.4ms | ActiveRecord: 0.0ms)


Started GET "/" for ::1 at 2019-04-21 21:20:36 -0300
Processing by WelcomeController#index as HTML
  Rendering welcome/index.html.erb within layouts/application
  Rendered welcome/index.html.erb within layouts/application (0.8ms)
Completed 200 OK in 755ms (Views: 716.1ms | ActiveRecord: 0.0ms)


Started GET "/" for ::1 at 2019-04-21 21:20:43 -0300
Processing by WelcomeController#index as HTML
  Rendering welcome/index.html.erb within layouts/application
  Rendered welcome/index.html.erb within layouts/application (1.1ms)
Completed 200 OK in 343ms (Views: 304.5ms | ActiveRecord: 0.0ms)


Started GET "/" for ::1 at 2019-04-21 21:21:41 -0300
Processing by WelcomeController#index as HTML
  Rendering welcome/index.html.erb within layouts/application
  Rendered welcome/index.html.erb within layouts/application (1.6ms)
Completed 200 OK in 1002ms (Views: 962.1ms | ActiveRecord: 0.0ms)


Started GET "/" for ::1 at 2019-04-21 21:22:43 -0300
Processing by WelcomeController#index as HTML
  Rendering welcome/index.html.erb within layouts/application
  Rendered welcome/index.html.erb within layouts/application (1.1ms)
Completed 200 OK in 354ms (Views: 315.5ms | ActiveRecord: 0.0ms)


Started GET "/" for ::1 at 2019-04-21 21:22:55 -0300
Processing by WelcomeController#index as HTML
  Rendering welcome/index.html.erb within layouts/application
  Rendered welcome/index.html.erb within layouts/application (1.0ms)
Completed 200 OK in 333ms (Views: 297.0ms | ActiveRecord: 0.0ms)


Started GET "/" for ::1 at 2019-04-21 21:24:38 -0300
Processing by WelcomeController#index as HTML
  Rendering welcome/index.html.erb within layouts/application
  Rendered welcome/index.html.erb within layouts/application (1.8ms)
Completed 200 OK in 761ms (Views: 722.4ms | ActiveRecord: 0.0ms)


Started GET "/" for ::1 at 2019-04-21 21:26:07 -0300
Processing by WelcomeController#index as HTML
  Rendering welcome/index.html.erb within layouts/application
  Rendered welcome/index.html.erb within layouts/application (1.5ms)
Completed 200 OK in 866ms (Views: 828.0ms | ActiveRecord: 0.0ms)


Started GET "/" for ::1 at 2019-04-21 21:51:25 -0300
Processing by WelcomeController#index as HTML
  Rendering welcome/index.html.erb within layouts/application
  Rendered welcome/index.html.erb within layouts/application (1.7ms)
Completed 200 OK in 2014ms (Views: 1975.0ms | ActiveRecord: 0.0ms)


